<?xml version="1.0" encoding="UTF-8"?>
<!-- Generated by org.testng.reporters.JUnitReportReporter -->
<testsuite hostname="LAPTOP-QNOC3UCT" name="Test_Package.TestNGTest" tests="1" failures="0" timestamp="30 Jun 2020 17:15:17 GMT" time="0.047" errors="0">
  <testcase name="Guru" time="0.047" classname="Test_Package.TestNGTest"/>
</testsuite> <!-- Test_Package.TestNGTest -->
