<?xml version="1.0" encoding="UTF-8"?>
<!-- Generated by org.testng.reporters.JUnitReportReporter -->
<testsuite hostname="LAPTOP-QNOC3UCT" name="Test_Package.iframeTest" tests="1" failures="0" timestamp="15 Jul 2020 18:44:31 GMT" time="1.017" errors="0">
  <testcase name="DragAndDrop" time="1.017" classname="Test_Package.iframeTest"/>
</testsuite> <!-- Test_Package.iframeTest -->
