<?xml version="1.0" encoding="UTF-8"?>
<!-- Generated by org.testng.reporters.JUnitReportReporter -->
<testsuite hostname="LAPTOP-QNOC3UCT" name="Test_Package.TestNGTest" tests="3" failures="0" timestamp="29 Jun 2020 17:23:47 GMT" time="0.099" errors="0">
  <testcase name="method3" time="0.002" classname="Test_Package.TestNGTest"/>
  <testcase name="Method1" time="0.092" classname="Test_Package.TestNGTest"/>
  <testcase name="Method2" time="0.005" classname="Test_Package.TestNGTest"/>
</testsuite> <!-- Test_Package.TestNGTest -->
