<?xml version="1.0" encoding="UTF-8"?>
<!-- Generated by org.testng.reporters.JUnitReportReporter -->
<testsuite hostname="LAPTOP-QNOC3UCT" name="Test_Package.TestText" tests="5" failures="0" timestamp="29 Jun 2020 16:27:16 GMT" time="7.695" errors="0">
  <testcase name="TextBox" time="1.038" classname="Test_Package.TestText"/>
  <testcase name="TextBox" time="3.432" classname="Test_Package.TestText"/>
  <testcase name="TextBox" time="0.979" classname="Test_Package.TestText"/>
  <testcase name="TextBox" time="1.146" classname="Test_Package.TestText"/>
  <testcase name="TextBox" time="1.100" classname="Test_Package.TestText"/>
</testsuite> <!-- Test_Package.TestText -->
