<?xml version="1.0" encoding="UTF-8"?>
<!-- Generated by org.testng.reporters.JUnitReportReporter -->
<testsuite hostname="LAPTOP-QNOC3UCT" name="Test_Package.DropDownTest" tests="1" failures="0" timestamp="2 Jul 2020 18:23:58 GMT" time="2.434" errors="0">
  <testcase name="Link" time="2.434" classname="Test_Package.DropDownTest"/>
</testsuite> <!-- Test_Package.DropDownTest -->
