<?xml version="1.0" encoding="UTF-8"?>
<!-- Generated by org.testng.reporters.JUnitReportReporter -->
<testsuite hostname="LAPTOP-QNOC3UCT" name="Test_Package.Login_Test" tests="1" failures="0" timestamp="1 Jul 2020 11:38:30 GMT" time="4.461" errors="0">
  <testcase name="Login" time="4.461" classname="Test_Package.Login_Test"/>
</testsuite> <!-- Test_Package.Login_Test -->
