<?xml version="1.0" encoding="UTF-8"?>
<!-- Generated by org.testng.reporters.JUnitReportReporter -->
<testsuite hostname="LAPTOP-QNOC3UCT" name="Test_Package.Login_Test" tests="1" failures="0" timestamp="16 Jul 2020 12:08:16 GMT" time="0.805" errors="0">
  <testcase name="Login" time="0.805" classname="Test_Package.Login_Test"/>
</testsuite> <!-- Test_Package.Login_Test -->
