<?xml version="1.0" encoding="UTF-8"?>
<!-- Generated by org.testng.reporters.JUnitReportReporter -->
<testsuite hostname="LAPTOP-QNOC3UCT" name="Test_Package.TestText" tests="5" failures="0" timestamp="29 Jun 2020 18:56:24 GMT" time="4.292" errors="0">
  <testcase name="TextBox" time="0.691" classname="Test_Package.TestText"/>
  <testcase name="TextBox" time="0.708" classname="Test_Package.TestText"/>
  <testcase name="TextBox" time="0.551" classname="Test_Package.TestText"/>
  <testcase name="TextBox" time="1.639" classname="Test_Package.TestText"/>
  <testcase name="TextBox" time="0.703" classname="Test_Package.TestText"/>
</testsuite> <!-- Test_Package.TestText -->
